\BOOKMARK [1][-]{section.1}{\376\377\000S\000c\000o\000p\000e\000,\000\040\000M\000e\000t\000h\000o\000d\000o\000l\000o\000g\000y\000\040\000\046\000\040\000S\000t\000a\000n\000d\000a\000r\000d\000s\000\040\000R\000e\000f\000e\000r\000e\000n\000c\000e\000d}{}% 1
\BOOKMARK [2][-]{subsection.1.1}{\376\377\000S\000c\000o\000p\000e}{section.1}% 2
\BOOKMARK [2][-]{subsection.1.2}{\376\377\000A\000c\000a\000d\000e\000m\000i\000c\000\040\000S\000t\000a\000n\000d\000a\000r\000d\000s\000\040\000R\000e\000f\000e\000r\000e\000n\000c\000e\000d}{section.1}% 3
\BOOKMARK [2][-]{subsection.1.3}{\376\377\000G\000r\000a\000d\000i\000n\000g\000\040\000R\000u\000b\000r\000i\000c}{section.1}% 4
\BOOKMARK [1][-]{section.2}{\376\377\000A\000r\000c\000h\000i\000t\000e\000c\000t\000u\000r\000e\000\040\000O\000v\000e\000r\000v\000i\000e\000w}{}% 5
\BOOKMARK [2][-]{subsection.2.1}{\376\377\000M\000o\000d\000u\000l\000e\000\040\000D\000e\000p\000e\000n\000d\000e\000n\000c\000y\000\040\000G\000r\000a\000p\000h}{section.2}% 6
\BOOKMARK [2][-]{subsection.2.2}{\376\377\000R\000e\000n\000d\000e\000r\000i\000n\000g\000\040\000P\000i\000p\000e\000l\000i\000n\000e\000\040\000\050\000S\000e\000q\000u\000e\000n\000c\000e\000\051}{section.2}% 7
\BOOKMARK [2][-]{subsection.2.3}{\376\377\000D\000a\000t\000a\000\040\000F\000l\000o\000w\000:\000\040\000S\000c\000a\000l\000e\000\040\000\040\000A\000x\000i\000s\000\040\000\040\000P\000i\000x\000e\000l}{section.2}% 8
\BOOKMARK [1][-]{section.3}{\376\377\000B\000u\000g\000\040\000\043\0001\000:\000\040\000X\000/\000Y\000\040\000A\000x\000i\000s\000\040\000S\000p\000i\000n\000e\000\040\000N\000o\000n\000-\000C\000o\000n\000v\000e\000r\000g\000e\000n\000c\000e}{}% 9
\BOOKMARK [2][-]{subsection.3.1}{\376\377\000P\000r\000o\000b\000l\000e\000m\000\040\000S\000t\000a\000t\000e\000m\000e\000n\000t}{section.3}% 10
\BOOKMARK [2][-]{subsection.3.2}{\376\377\000R\000o\000o\000t\000\040\000C\000a\000u\000s\000e\000\040\000\050\000C\000o\000d\000e\000\040\000A\000n\000a\000l\000y\000s\000i\000s\000\051}{section.3}% 11
\BOOKMARK [3][-]{subsubsection.3.2.1}{\376\377\000B\000o\000t\000t\000o\000m\000\040\000X\000-\000A\000x\000i\000s\000\040\000S\000p\000i\000n\000e\000\040\000\050\000a\000x\000i\000s\000.\000r\000s\000:\0003\0006\0007\040\023\0003\0007\0003\000\051}{subsection.3.2}% 12
\BOOKMARK [3][-]{subsubsection.3.2.2}{\376\377\000L\000e\000f\000t\000\040\000Y\000-\000A\000x\000i\000s\000\040\000S\000p\000i\000n\000e\000\040\000\050\000a\000x\000i\000s\000.\000r\000s\000:\0004\0004\0003\040\023\0004\0005\0002\000\051}{subsection.3.2}% 13
\BOOKMARK [2][-]{subsection.3.3}{\376\377\000C\000o\000n\000v\000e\000r\000g\000e\000n\000c\000e\000\040\000F\000a\000i\000l\000u\000r\000e\000\040\000D\000i\000a\000g\000r\000a\000m}{section.3}% 14
\BOOKMARK [2][-]{subsection.3.4}{\376\377\000A\000c\000a\000d\000e\000m\000i\000c\000\040\000S\000t\000a\000n\000d\000a\000r\000d\000\040\000V\000i\000o\000l\000a\000t\000e\000d}{section.3}% 15
\BOOKMARK [2][-]{subsection.3.5}{\376\377\000R\000e\000q\000u\000i\000r\000e\000d\000\040\000F\000i\000x}{section.3}% 16
\BOOKMARK [1][-]{section.4}{\376\377\000B\000u\000g\000\040\000\043\0002\000:\000\040\000G\000r\000i\000d\000\040\000Z\000-\000O\000r\000d\000e\000r\000\040\000V\000i\000o\000l\000a\000t\000i\000o\000n}{}% 17
\BOOKMARK [2][-]{subsection.4.1}{\376\377\000P\000r\000o\000b\000l\000e\000m\000\040\000S\000t\000a\000t\000e\000m\000e\000n\000t}{section.4}% 18
\BOOKMARK [2][-]{subsection.4.2}{\376\377\000R\000o\000o\000t\000\040\000C\000a\000u\000s\000e}{section.4}% 19
\BOOKMARK [2][-]{subsection.4.3}{\376\377\000A\000c\000a\000d\000e\000m\000i\000c\000\040\000S\000t\000a\000n\000d\000a\000r\000d\000\040\000V\000i\000o\000l\000a\000t\000e\000d}{section.4}% 20
\BOOKMARK [2][-]{subsection.4.4}{\376\377\000R\000e\000q\000u\000i\000r\000e\000d\000\040\000A\000r\000c\000h\000i\000t\000e\000c\000t\000u\000r\000e\000:\000\040\000Z\000-\000L\000a\000y\000e\000r\000\040\000S\000y\000s\000t\000e\000m}{section.4}% 21
\BOOKMARK [1][-]{section.5}{\376\377\000B\000u\000g\000\040\000\043\0003\000:\000\040\000L\000e\000g\000e\000n\000d\000\040\000F\000o\000r\000m\000a\000t\000t\000i\000n\000g\000\040\000N\000o\000n\000-\000C\000o\000m\000p\000l\000i\000a\000n\000c\000e}{}% 22
\BOOKMARK [2][-]{subsection.5.1}{\376\377\000P\000r\000o\000b\000l\000e\000m\000\040\000S\000t\000a\000t\000e\000m\000e\000n\000t}{section.5}% 23
\BOOKMARK [2][-]{subsection.5.2}{\376\377\000D\000e\000f\000i\000c\000i\000e\000n\000c\000y\000\040\000M\000a\000t\000r\000i\000x}{section.5}% 24
\BOOKMARK [1][-]{section.6}{\376\377\000B\000u\000g\000\040\000\043\0004\000:\000\040\000A\000x\000i\000s\000\040\000B\000a\000s\000e\000\040\000N\000o\000r\000m\000a\000l\000i\000z\000a\000t\000i\000o\000n\000\040\000F\000a\000i\000l\000u\000r\000e}{}% 25
\BOOKMARK [2][-]{subsection.6.1}{\376\377\000P\000r\000o\000b\000l\000e\000m\000\040\000S\000t\000a\000t\000e\000m\000e\000n\000t}{section.6}% 26
\BOOKMARK [2][-]{subsection.6.2}{\376\377\000R\000o\000o\000t\000\040\000C\000a\000u\000s\000e}{section.6}% 27
\BOOKMARK [2][-]{subsection.6.3}{\376\377\000A\000c\000a\000d\000e\000m\000i\000c\000\040\000S\000t\000a\000n\000d\000a\000r\000d\000s}{section.6}% 28
\BOOKMARK [2][-]{subsection.6.4}{\376\377\000R\000e\000q\000u\000i\000r\000e\000d\000:\000\040\000A\000s\000p\000e\000c\000t\000R\000a\000t\000i\000o\000\040\000C\000o\000n\000f\000i\000g}{section.6}% 29
\BOOKMARK [1][-]{section.7}{\376\377\000B\000u\000g\000\040\000\043\0005\000:\000\040\000T\000i\000c\000k\000\040\000F\000o\000r\000m\000a\000t\000t\000i\000n\000g\000\040\000S\000t\000a\000n\000d\000a\000r\000d\000s\000\040\000V\000i\000o\000l\000a\000t\000i\000o\000n\000s}{}% 30
\BOOKMARK [2][-]{subsection.7.1}{\376\377\000A\000u\000t\000o\000f\000o\000r\000m\000a\000t\000t\000i\000n\000g\000\040\000R\000e\000p\000o\000r\000t\000\040\000C\000a\000r\000d}{section.7}% 31
\BOOKMARK [1][-]{section.8}{\376\377\000W\000o\000r\000k\000i\000n\000g\000\040\000C\000o\000d\000e\000\040\000H\000i\000g\000h\000l\000i\000g\000h\000t\000s}{}% 32
\BOOKMARK [2][-]{subsection.8.1}{\376\377\000S\000c\000a\000l\000e\000\040\000S\000y\000s\000t\000e\000m\000\040\000\050\000s\000c\000a\000l\000e\000.\000r\000s\000\051}{section.8}% 33
\BOOKMARK [2][-]{subsection.8.2}{\376\377\000T\000h\000e\000m\000e\000\040\000S\000y\000s\000t\000e\000m\000\040\000\050\000t\000h\000e\000m\000e\000.\000r\000s\000\051}{section.8}% 34
\BOOKMARK [2][-]{subsection.8.3}{\376\377\000C\000o\000l\000o\000r\000m\000a\000p\000\040\000S\000y\000s\000t\000e\000m\000\040\000\050\000c\000o\000l\000o\000r\000m\000a\000p\000.\000r\000s\000\051}{section.8}% 35
\BOOKMARK [2][-]{subsection.8.4}{\376\377\000S\000V\000G\000\040\000E\000x\000p\000o\000r\000t\000\040\000\050\000s\000v\000g\000\137\000e\000x\000p\000o\000r\000t\000.\000r\000s\000\051}{section.8}% 36
\BOOKMARK [1][-]{section.9}{\376\377\000C\000o\000m\000p\000r\000e\000h\000e\000n\000s\000i\000v\000e\000\040\000G\000r\000a\000d\000i\000n\000g\000\040\000S\000u\000m\000m\000a\000r\000y}{}% 37
\BOOKMARK [2][-]{subsection.9.1}{\376\377\000A\000u\000t\000o\000f\000o\000r\000m\000a\000t\000t\000i\000n\000g\000\040\000R\000e\000p\000o\000r\000t\000\040\000C\000a\000r\000d}{section.9}% 38
\BOOKMARK [2][-]{subsection.9.2}{\376\377\000S\000c\000o\000r\000e\000\040\000D\000i\000s\000t\000r\000i\000b\000u\000t\000i\000o\000n}{section.9}% 39
\BOOKMARK [1][-]{section.10}{\376\377\000P\000r\000o\000p\000o\000s\000e\000d\000\040\000C\000u\000t\000t\000i\000n\000g\000-\000E\000d\000g\000e\000\040\000A\000r\000c\000h\000i\000t\000e\000c\000t\000u\000r\000e}{}% 40
\BOOKMARK [2][-]{subsection.10.1}{\376\377\000A\000r\000c\000h\000i\000t\000e\000c\000t\000u\000r\000e\000\040\000D\000i\000a\000g\000r\000a\000m}{section.10}% 41
\BOOKMARK [2][-]{subsection.10.2}{\376\377\000C\000o\000n\000s\000t\000r\000a\000i\000n\000t\000\040\000S\000y\000s\000t\000e\000m\000\040\000F\000o\000r\000m\000a\000l\000i\000z\000a\000t\000i\000o\000n}{section.10}% 42
\BOOKMARK [2][-]{subsection.10.3}{\376\377\000A\000x\000i\000s\000\040\000N\000o\000r\000m\000a\000l\000i\000z\000a\000t\000i\000o\000n\000\040\000A\000l\000g\000o\000r\000i\000t\000h\000m}{section.10}% 43
\BOOKMARK [1][-]{section.11}{\376\377\000P\000r\000i\000o\000r\000i\000t\000y\000\040\000R\000e\000m\000e\000d\000i\000a\000t\000i\000o\000n\000\040\000R\000o\000a\000d\000m\000a\000p}{}% 44
\BOOKMARK [1][-]{section.12}{\376\377\000C\000o\000n\000c\000l\000u\000s\000i\000o\000n}{}% 45
