\BOOKMARK [1][-]{section.1}{\376\377\000I\000n\000t\000r\000o\000d\000u\000c\000t\000i\000o\000n}{}% 1
\BOOKMARK [1][-]{section.2}{\376\377\000H\000i\000s\000t\000o\000r\000y\000\040\000o\000f\000\040\000T\000e\000r\000m\000i\000n\000a\000l\000\040\000G\000r\000a\000p\000h\000i\000c\000s}{}% 2
\BOOKMARK [2][-]{subsection.2.1}{\376\377\000T\000h\000e\000\040\000C\000h\000a\000r\000a\000c\000t\000e\000r\000\040\000C\000e\000l\000l\000\040\000E\000r\000a\000\040\000\050\0001\0009\0007\0000\000s\040\023\0001\0009\0009\0000\000s\000\051}{section.2}% 3
\BOOKMARK [2][-]{subsection.2.2}{\376\377\000S\000i\000x\000e\000l\000\040\000G\000r\000a\000p\000h\000i\000c\000s\000\040\000\050\0001\0009\0008\0003\000\051}{section.2}% 4
\BOOKMARK [2][-]{subsection.2.3}{\376\377\000i\000T\000e\000r\000m\0002\000\040\000I\000n\000l\000i\000n\000e\000\040\000I\000m\000a\000g\000e\000s\000\040\000\050\0002\0000\0001\0003\000\051}{section.2}% 5
\BOOKMARK [2][-]{subsection.2.4}{\376\377\000K\000i\000t\000t\000y\000\040\000G\000r\000a\000p\000h\000i\000c\000s\000\040\000P\000r\000o\000t\000o\000c\000o\000l\000\040\000\050\0002\0000\0001\0007\000\051}{section.2}% 6
\BOOKMARK [2][-]{subsection.2.5}{\376\377\000T\000h\000e\000\040\000A\000n\000i\000m\000a\000t\000i\000o\000n\000\040\000G\000a\000p}{section.2}% 7
\BOOKMARK [1][-]{section.3}{\376\377\000A\000r\000c\000h\000i\000t\000e\000c\000t\000u\000r\000e}{}% 8
\BOOKMARK [2][-]{subsection.3.1}{\376\377\000L\000a\000y\000e\000r\000\040\0001\000:\000\040\000S\000c\000e\000n\000e\000\040\000C\000o\000n\000s\000t\000r\000u\000c\000t\000i\000o\000n}{section.3}% 9
\BOOKMARK [2][-]{subsection.3.2}{\376\377\000L\000a\000y\000e\000r\000\040\0002\000:\000\040\000R\000a\000s\000t\000e\000r\000i\000z\000a\000t\000i\000o\000n}{section.3}% 10
\BOOKMARK [3][-]{subsubsection.3.2.1}{\376\377\000C\000o\000m\000m\000a\000n\000d\000\040\000B\000a\000t\000c\000h\000i\000n\000g}{subsection.3.2}% 11
\BOOKMARK [2][-]{subsection.3.3}{\376\377\000L\000a\000y\000e\000r\000\040\0003\000:\000\040\000T\000r\000a\000n\000s\000p\000o\000r\000t}{section.3}% 12
\BOOKMARK [1][-]{section.4}{\376\377\000T\000r\000a\000n\000s\000m\000i\000s\000s\000i\000o\000n\000\040\000P\000i\000p\000e\000l\000i\000n\000e\000\040\000O\000p\000t\000i\000m\000i\000z\000a\000t\000i\000o\000n}{}% 13
\BOOKMARK [2][-]{subsection.4.1}{\376\377\000T\000r\000a\000n\000s\000m\000i\000s\000s\000i\000o\000n\000\040\000F\000o\000r\000m\000a\000t\000\040\000C\000o\000m\000p\000a\000r\000i\000s\000o\000n}{section.4}% 14
\BOOKMARK [2][-]{subsection.4.2}{\376\377\000Z\000l\000i\000b\000-\000C\000o\000m\000p\000r\000e\000s\000s\000e\000d\000\040\000R\000G\000B\000A\000\040\000\050\000D\000e\000f\000a\000u\000l\000t\000\051}{section.4}% 15
\BOOKMARK [2][-]{subsection.4.3}{\376\377\000P\000O\000S\000I\000X\000\040\000S\000h\000a\000r\000e\000d\000\040\000M\000e\000m\000o\000r\000y\000\040\000\050\000Z\000e\000r\000o\000-\000C\000o\000p\000y\000\051}{section.4}% 16
\BOOKMARK [2][-]{subsection.4.4}{\376\377\000F\000l\000i\000c\000k\000e\000r\000-\000F\000r\000e\000e\000\040\000U\000p\000d\000a\000t\000e\000s}{section.4}% 17
\BOOKMARK [2][-]{subsection.4.5}{\376\377\000C\000h\000u\000n\000k\000e\000d\000\040\000T\000r\000a\000n\000s\000m\000i\000s\000s\000i\000o\000n}{section.4}% 18
\BOOKMARK [1][-]{section.5}{\376\377\000C\000o\000n\000t\000e\000n\000t\000-\000H\000a\000s\000h\000\040\000C\000a\000c\000h\000i\000n\000g\000\040\000a\000n\000d\000\040\000D\000i\000r\000t\000y\000-\000T\000i\000l\000e\000\040\000D\000e\000t\000e\000c\000t\000i\000o\000n}{}% 19
\BOOKMARK [2][-]{subsection.5.1}{\376\377\000S\000c\000e\000n\000e\000-\000L\000e\000v\000e\000l\000\040\000C\000a\000c\000h\000i\000n\000g}{section.5}% 20
\BOOKMARK [2][-]{subsection.5.2}{\376\377\000D\000i\000r\000t\000y\000-\000T\000i\000l\000e\000\040\000D\000e\000t\000e\000c\000t\000i\000o\000n}{section.5}% 21
\BOOKMARK [1][-]{section.6}{\376\377\000A\000n\000i\000m\000a\000t\000i\000o\000n\000\040\000S\000y\000s\000t\000e\000m}{}% 22
\BOOKMARK [2][-]{subsection.6.1}{\376\377\000E\000a\000s\000i\000n\000g\000\040\000F\000u\000n\000c\000t\000i\000o\000n\000s}{section.6}% 23
\BOOKMARK [2][-]{subsection.6.2}{\376\377\000P\000e\000r\000c\000e\000p\000t\000u\000a\000l\000l\000y\000\040\000U\000n\000i\000f\000o\000r\000m\000\040\000C\000o\000l\000o\000r\000\040\000I\000n\000t\000e\000r\000p\000o\000l\000a\000t\000i\000o\000n}{section.6}% 24
\BOOKMARK [2][-]{subsection.6.3}{\376\377\000T\000r\000a\000n\000s\000f\000o\000r\000m\000\040\000I\000n\000t\000e\000r\000p\000o\000l\000a\000t\000i\000o\000n}{section.6}% 25
\BOOKMARK [2][-]{subsection.6.4}{\376\377\000K\000e\000y\000f\000r\000a\000m\000e\000s\000\040\000a\000n\000d\000\040\000O\000r\000c\000h\000e\000s\000t\000r\000a\000t\000i\000o\000n}{section.6}% 26
\BOOKMARK [1][-]{section.7}{\376\377\000W\000i\000d\000g\000e\000t\000\040\000I\000n\000t\000e\000g\000r\000a\000t\000i\000o\000n\000\040\000a\000n\000d\000\040\000D\000e\000f\000e\000r\000r\000e\000d\000\040\000F\000l\000u\000s\000h}{}% 27
\BOOKMARK [1][-]{section.8}{\376\377\000P\000r\000o\000f\000i\000l\000i\000n\000g\000\040\000I\000n\000f\000r\000a\000s\000t\000r\000u\000c\000t\000u\000r\000e}{}% 28
\BOOKMARK [1][-]{section.9}{\376\377\000P\000e\000r\000f\000o\000r\000m\000a\000n\000c\000e\000\040\000M\000o\000d\000e\000l}{}% 29
\BOOKMARK [1][-]{section.10}{\376\377\000P\000a\000s\000t\000\040\000L\000i\000m\000i\000t\000a\000t\000i\000o\000n\000s\000\040\000a\000n\000d\000\040\000H\000o\000w\000\040\000T\000h\000e\000y\000\040\000W\000e\000r\000e\000\040\000O\000v\000e\000r\000c\000o\000m\000e}{}% 30
\BOOKMARK [2][-]{subsection.10.1}{\376\377\000P\000e\000r\000-\000F\000r\000a\000m\000e\000\040\000A\000l\000l\000o\000c\000a\000t\000i\000o\000n}{section.10}% 31
\BOOKMARK [2][-]{subsection.10.2}{\376\377\000P\000N\000G\000\040\000E\000n\000c\000o\000d\000i\000n\000g\000\040\000B\000o\000t\000t\000l\000e\000n\000e\000c\000k}{section.10}% 32
\BOOKMARK [2][-]{subsection.10.3}{\376\377\000F\000u\000l\000l\000-\000I\000m\000a\000g\000e\000\040\000R\000e\000t\000r\000a\000n\000s\000m\000i\000s\000s\000i\000o\000n}{section.10}% 33
\BOOKMARK [2][-]{subsection.10.4}{\376\377\000F\000l\000i\000c\000k\000e\000r\000\040\000f\000r\000o\000m\000\040\000D\000e\000l\000e\000t\000e\000-\000T\000r\000a\000n\000s\000m\000i\000t\000\040\000P\000a\000t\000t\000e\000r\000n\000s}{section.10}% 34
\BOOKMARK [2][-]{subsection.10.5}{\376\377\000I\000n\000t\000e\000r\000l\000e\000a\000v\000e\000d\000\040\000I\000/\000O\000\040\000w\000i\000t\000h\000\040\000T\000U\000I\000\040\000F\000r\000a\000m\000e\000w\000o\000r\000k\000s}{section.10}% 35
\BOOKMARK [1][-]{section.11}{\376\377\000I\000n\000d\000u\000s\000t\000r\000y\000\040\000I\000m\000p\000a\000c\000t\000\040\000a\000n\000d\000\040\000F\000u\000t\000u\000r\000e\000\040\000D\000i\000r\000e\000c\000t\000i\000o\000n\000s}{}% 36
\BOOKMARK [2][-]{subsection.11.1}{\376\377\000R\000e\000d\000e\000f\000i\000n\000i\000n\000g\000\040\000T\000e\000r\000m\000i\000n\000a\000l\000\040\000U\000I\000\040\000C\000a\000p\000a\000b\000i\000l\000i\000t\000i\000e\000s}{section.11}% 37
\BOOKMARK [2][-]{subsection.11.2}{\376\377\000T\000h\000e\000\040\000A\000I\040\023\000T\000e\000r\000m\000i\000n\000a\000l\000\040\000C\000o\000n\000v\000e\000r\000g\000e\000n\000c\000e}{section.11}% 38
\BOOKMARK [2][-]{subsection.11.3}{\376\377\000F\000u\000t\000u\000r\000e\000\040\000W\000o\000r\000k}{section.11}% 39
\BOOKMARK [1][-]{section.12}{\376\377\000C\000o\000n\000c\000l\000u\000s\000i\000o\000n}{}% 40
